;  LST file generated by mikroListExporter - v.2.0 
; Date/Time: 11/22/2020 5:38:50 PM
;----------------------------------------------

;Address Opcode 	ASM
0x0000	0x29C1      	GOTO       449
_interrupt:
0x0004	0x00CF      	MOVWF      R15
0x0005	0x0E03      	SWAPF      STATUS, 0
0x0006	0x0183      	CLRF       STATUS
0x0007	0x0099      	MOVWF      ___saveSTATUS
0x0008	0x080A      	MOVF       PCLATH, 0
0x0009	0x009A      	MOVWF      ___savePCLATH
0x000A	0x018A      	CLRF       PCLATH
0x000B	0x0840      	MOVF       R0, 0
0x000C	0x008D      	MOVWF      13
0x000D	0x0841      	MOVF       R1, 0
0x000E	0x008C      	MOVWF      12
;MyProject.c,233 :: 		void interrupt(void)
;MyProject.c,236 :: 		if((INTCON & (1<<1)))
0x000F	0x1C8B      	BTFSS      INTCON, 1
0x0010	0x2815      	GOTO       L_interrupt66
;MyProject.c,238 :: 		INTCON &=~(1<<1);
0x0011	0x108B      	BCF        INTCON, 1
;MyProject.c,239 :: 		mode=1;
0x0012	0x3001      	MOVLW      1
0x0013	0x008F      	MOVWF      _mode
;MyProject.c,241 :: 		}
0x0014	0x281A      	GOTO       L_interrupt67
L_interrupt66:
;MyProject.c,248 :: 		else if((INTCON & (1<<2)))
0x0015	0x1D0B      	BTFSS      INTCON, 2
0x0016	0x281A      	GOTO       L_interrupt68
;MyProject.c,250 :: 		INTCON &=~(1<<2);
0x0017	0x110B      	BCF        INTCON, 2
;MyProject.c,251 :: 		counter++;
0x0018	0x0A93      	INCF       _counter, 1
;MyProject.c,252 :: 		Sch_timer++;
0x0019	0x0A92      	INCF       _Sch_timer, 1
;MyProject.c,253 :: 		}
L_interrupt68:
L_interrupt67:
;MyProject.c,254 :: 		}
L_end_interrupt:
L__interrupt89:
0x001A	0x080D      	MOVF       13, 0
0x001B	0x00C0      	MOVWF      R0
0x001C	0x080C      	MOVF       12, 0
0x001D	0x00C1      	MOVWF      R1
0x001E	0x081A      	MOVF       ___savePCLATH, 0
0x001F	0x008A      	MOVWF      PCLATH
0x0020	0x0E19      	SWAPF      ___saveSTATUS, 0
0x0021	0x0083      	MOVWF      STATUS
0x0022	0x0ECF      	SWAPF      R15, 1
0x0023	0x0E4F      	SWAPF      R15, 0
0x0024	0x0009      	RETFIE
; end of _interrupt
_EDIT_SD_minutes:
;MyProject.c,90 :: 		void EDIT_SD_minutes()
;MyProject.c,92 :: 		SD_minutes_counter=0;
0x0025	0x1283      	BCF        STATUS, 5
0x0026	0x0195      	CLRF       _SD_minutes_counter
;MyProject.c,93 :: 		PORTA = (PORTA & 0xF0) | (SD_minutes_counter);
0x0027	0x30F0      	MOVLW      240
0x0028	0x0585      	ANDWF      PORTA, 1
;MyProject.c,94 :: 		if(mode==1)
0x0029	0x080F      	MOVF       _mode, 0
0x002A	0x3A01      	XORLW      1
0x002B	0x1D03      	BTFSS      STATUS, 2
0x002C	0x287A      	GOTO       L_EDIT_SD_minutes16
;MyProject.c,96 :: 		while(!(PORTB & (1<<6)))
L_EDIT_SD_minutes17:
0x002D	0x1B06      	BTFSC      PORTB, 6
0x002E	0x2877      	GOTO       L_EDIT_SD_minutes18
;MyProject.c,98 :: 		delay_ms(100);
0x002F	0x3002      	MOVLW      2
0x0030	0x00CB      	MOVWF      R11
0x0031	0x3004      	MOVLW      4
0x0032	0x00CC      	MOVWF      R12
0x0033	0x30BA      	MOVLW      186
0x0034	0x00CD      	MOVWF      R13
L_EDIT_SD_minutes19:
0x0035	0x0BCD      	DECFSZ     R13, 1
0x0036	0x2835      	GOTO       L_EDIT_SD_minutes19
0x0037	0x0BCC      	DECFSZ     R12, 1
0x0038	0x2835      	GOTO       L_EDIT_SD_minutes19
0x0039	0x0BCB      	DECFSZ     R11, 1
0x003A	0x2835      	GOTO       L_EDIT_SD_minutes19
0x003B	0x0000      	NOP
;MyProject.c,99 :: 		if(!(PORTB & (1<<6)))
0x003C	0x1B06      	BTFSC      PORTB, 6
0x003D	0x2873      	GOTO       L_EDIT_SD_minutes20
;MyProject.c,101 :: 		PORTB &=~(1<<4);
0x003E	0x1206      	BCF        PORTB, 4
;MyProject.c,102 :: 		PORTB |=(1<<2)| (1<<1) | (1<<3);
0x003F	0x300E      	MOVLW      14
0x0040	0x0486      	IORWF      PORTB, 1
;MyProject.c,103 :: 		if(INCREASE_IS_PRESSED(PORTB,7))
0x0041	0x1F86      	BTFSS      PORTB, 7
0x0042	0x2873      	GOTO       L_EDIT_SD_minutes21
;MyProject.c,105 :: 		delay_ms(100);
0x0043	0x3002      	MOVLW      2
0x0044	0x00CB      	MOVWF      R11
0x0045	0x3004      	MOVLW      4
0x0046	0x00CC      	MOVWF      R12
0x0047	0x30BA      	MOVLW      186
0x0048	0x00CD      	MOVWF      R13
L_EDIT_SD_minutes22:
0x0049	0x0BCD      	DECFSZ     R13, 1
0x004A	0x2849      	GOTO       L_EDIT_SD_minutes22
0x004B	0x0BCC      	DECFSZ     R12, 1
0x004C	0x2849      	GOTO       L_EDIT_SD_minutes22
0x004D	0x0BCB      	DECFSZ     R11, 1
0x004E	0x2849      	GOTO       L_EDIT_SD_minutes22
0x004F	0x0000      	NOP
;MyProject.c,106 :: 		if(INCREASE_IS_PRESSED(PORTB,7))
0x0050	0x1F86      	BTFSS      PORTB, 7
0x0051	0x2873      	GOTO       L_EDIT_SD_minutes23
;MyProject.c,108 :: 		SD_minutes_counter++;
0x0052	0x0A95      	INCF       _SD_minutes_counter, 1
;MyProject.c,109 :: 		if(SD_minutes_counter==6)
0x0053	0x0815      	MOVF       _SD_minutes_counter, 0
0x0054	0x3A06      	XORLW      6
0x0055	0x1D03      	BTFSS      STATUS, 2
0x0056	0x2864      	GOTO       L_EDIT_SD_minutes24
;MyProject.c,111 :: 		SD_minutes_counter = 0;
0x0057	0x0195      	CLRF       _SD_minutes_counter
;MyProject.c,112 :: 		PORTA = (PORTA & 0xF0) | (SD_minutes_counter);
0x0058	0x30F0      	MOVLW      240
0x0059	0x0585      	ANDWF      PORTA, 1
;MyProject.c,113 :: 		delay_ms(2);
0x005A	0x3006      	MOVLW      6
0x005B	0x00CC      	MOVWF      R12
0x005C	0x3030      	MOVLW      48
0x005D	0x00CD      	MOVWF      R13
L_EDIT_SD_minutes25:
0x005E	0x0BCD      	DECFSZ     R13, 1
0x005F	0x285E      	GOTO       L_EDIT_SD_minutes25
0x0060	0x0BCC      	DECFSZ     R12, 1
0x0061	0x285E      	GOTO       L_EDIT_SD_minutes25
0x0062	0x0000      	NOP
;MyProject.c,114 :: 		}
0x0063	0x2873      	GOTO       L_EDIT_SD_minutes26
L_EDIT_SD_minutes24:
;MyProject.c,118 :: 		PORTA = (PORTA & 0xF0) | (SD_minutes_counter);
0x0064	0x30F0      	MOVLW      240
0x0065	0x0505      	ANDWF      PORTA, 0
0x0066	0x00C0      	MOVWF      R0
0x0067	0x0815      	MOVF       _SD_minutes_counter, 0
0x0068	0x0440      	IORWF      R0, 0
0x0069	0x0085      	MOVWF      PORTA
;MyProject.c,119 :: 		delay_ms(2);
0x006A	0x3006      	MOVLW      6
0x006B	0x00CC      	MOVWF      R12
0x006C	0x3030      	MOVLW      48
0x006D	0x00CD      	MOVWF      R13
L_EDIT_SD_minutes27:
0x006E	0x0BCD      	DECFSZ     R13, 1
0x006F	0x286E      	GOTO       L_EDIT_SD_minutes27
0x0070	0x0BCC      	DECFSZ     R12, 1
0x0071	0x286E      	GOTO       L_EDIT_SD_minutes27
0x0072	0x0000      	NOP
;MyProject.c,120 :: 		}
L_EDIT_SD_minutes26:
;MyProject.c,121 :: 		}
L_EDIT_SD_minutes23:
;MyProject.c,122 :: 		}
L_EDIT_SD_minutes21:
;MyProject.c,123 :: 		}
L_EDIT_SD_minutes20:
;MyProject.c,124 :: 		while(PORTB & (1<<7));
L_EDIT_SD_minutes28:
0x0073	0x1F86      	BTFSS      PORTB, 7
0x0074	0x2876      	GOTO       L_EDIT_SD_minutes29
0x0075	0x2873      	GOTO       L_EDIT_SD_minutes28
L_EDIT_SD_minutes29:
;MyProject.c,125 :: 		}
0x0076	0x282D      	GOTO       L_EDIT_SD_minutes17
L_EDIT_SD_minutes18:
;MyProject.c,126 :: 		while(PORTB & (1<<6));
L_EDIT_SD_minutes30:
0x0077	0x1F06      	BTFSS      PORTB, 6
0x0078	0x287A      	GOTO       L_EDIT_SD_minutes31
0x0079	0x2877      	GOTO       L_EDIT_SD_minutes30
L_EDIT_SD_minutes31:
;MyProject.c,127 :: 		}
L_EDIT_SD_minutes16:
;MyProject.c,128 :: 		}
L_end_EDIT_SD_minutes:
0x007A	0x0008      	RETURN
; end of _EDIT_SD_minutes
_EDIT_FD_minutes:
;MyProject.c,51 :: 		void EDIT_FD_minutes()
;MyProject.c,53 :: 		FD_minutes_counter=0;
0x007B	0x1283      	BCF        STATUS, 5
0x007C	0x0196      	CLRF       _FD_minutes_counter
;MyProject.c,54 :: 		PORTA = (PORTA & 0xF0) | (FD_minutes_counter);
0x007D	0x30F0      	MOVLW      240
0x007E	0x0585      	ANDWF      PORTA, 1
;MyProject.c,55 :: 		if(mode==1)
0x007F	0x080F      	MOVF       _mode, 0
0x0080	0x3A01      	XORLW      1
0x0081	0x1D03      	BTFSS      STATUS, 2
0x0082	0x28D0      	GOTO       L_EDIT_FD_minutes0
;MyProject.c,57 :: 		while(!(PORTB & (1<<6)))
L_EDIT_FD_minutes1:
0x0083	0x1B06      	BTFSC      PORTB, 6
0x0084	0x28CD      	GOTO       L_EDIT_FD_minutes2
;MyProject.c,59 :: 		delay_ms(100);
0x0085	0x3002      	MOVLW      2
0x0086	0x00CB      	MOVWF      R11
0x0087	0x3004      	MOVLW      4
0x0088	0x00CC      	MOVWF      R12
0x0089	0x30BA      	MOVLW      186
0x008A	0x00CD      	MOVWF      R13
L_EDIT_FD_minutes3:
0x008B	0x0BCD      	DECFSZ     R13, 1
0x008C	0x288B      	GOTO       L_EDIT_FD_minutes3
0x008D	0x0BCC      	DECFSZ     R12, 1
0x008E	0x288B      	GOTO       L_EDIT_FD_minutes3
0x008F	0x0BCB      	DECFSZ     R11, 1
0x0090	0x288B      	GOTO       L_EDIT_FD_minutes3
0x0091	0x0000      	NOP
;MyProject.c,60 :: 		if(!(PORTB & (1<<6)))
0x0092	0x1B06      	BTFSC      PORTB, 6
0x0093	0x28C9      	GOTO       L_EDIT_FD_minutes4
;MyProject.c,62 :: 		PORTB &=~(1<<3);
0x0094	0x1186      	BCF        PORTB, 3
;MyProject.c,63 :: 		PORTB |=(1<<2)| (1<<4) | (1<<1);
0x0095	0x3016      	MOVLW      22
0x0096	0x0486      	IORWF      PORTB, 1
;MyProject.c,64 :: 		if(INCREASE_IS_PRESSED(PORTB,7))
0x0097	0x1F86      	BTFSS      PORTB, 7
0x0098	0x28C9      	GOTO       L_EDIT_FD_minutes5
;MyProject.c,66 :: 		delay_ms(100);
0x0099	0x3002      	MOVLW      2
0x009A	0x00CB      	MOVWF      R11
0x009B	0x3004      	MOVLW      4
0x009C	0x00CC      	MOVWF      R12
0x009D	0x30BA      	MOVLW      186
0x009E	0x00CD      	MOVWF      R13
L_EDIT_FD_minutes6:
0x009F	0x0BCD      	DECFSZ     R13, 1
0x00A0	0x289F      	GOTO       L_EDIT_FD_minutes6
0x00A1	0x0BCC      	DECFSZ     R12, 1
0x00A2	0x289F      	GOTO       L_EDIT_FD_minutes6
0x00A3	0x0BCB      	DECFSZ     R11, 1
0x00A4	0x289F      	GOTO       L_EDIT_FD_minutes6
0x00A5	0x0000      	NOP
;MyProject.c,67 :: 		if(INCREASE_IS_PRESSED(PORTB,7))
0x00A6	0x1F86      	BTFSS      PORTB, 7
0x00A7	0x28C9      	GOTO       L_EDIT_FD_minutes7
;MyProject.c,69 :: 		FD_minutes_counter++;
0x00A8	0x0A96      	INCF       _FD_minutes_counter, 1
;MyProject.c,70 :: 		if(FD_minutes_counter==10)
0x00A9	0x0816      	MOVF       _FD_minutes_counter, 0
0x00AA	0x3A0A      	XORLW      10
0x00AB	0x1D03      	BTFSS      STATUS, 2
0x00AC	0x28BA      	GOTO       L_EDIT_FD_minutes8
;MyProject.c,72 :: 		FD_minutes_counter = 0;
0x00AD	0x0196      	CLRF       _FD_minutes_counter
;MyProject.c,73 :: 		PORTA = (PORTA & 0xF0) | (FD_minutes_counter);
0x00AE	0x30F0      	MOVLW      240
0x00AF	0x0585      	ANDWF      PORTA, 1
;MyProject.c,74 :: 		delay_ms(2);
0x00B0	0x3006      	MOVLW      6
0x00B1	0x00CC      	MOVWF      R12
0x00B2	0x3030      	MOVLW      48
0x00B3	0x00CD      	MOVWF      R13
L_EDIT_FD_minutes9:
0x00B4	0x0BCD      	DECFSZ     R13, 1
0x00B5	0x28B4      	GOTO       L_EDIT_FD_minutes9
0x00B6	0x0BCC      	DECFSZ     R12, 1
0x00B7	0x28B4      	GOTO       L_EDIT_FD_minutes9
0x00B8	0x0000      	NOP
;MyProject.c,75 :: 		}
0x00B9	0x28C9      	GOTO       L_EDIT_FD_minutes10
L_EDIT_FD_minutes8:
;MyProject.c,79 :: 		PORTA = (PORTA & 0xF0) | (FD_minutes_counter);
0x00BA	0x30F0      	MOVLW      240
0x00BB	0x0505      	ANDWF      PORTA, 0
0x00BC	0x00C0      	MOVWF      R0
0x00BD	0x0816      	MOVF       _FD_minutes_counter, 0
0x00BE	0x0440      	IORWF      R0, 0
0x00BF	0x0085      	MOVWF      PORTA
;MyProject.c,80 :: 		delay_ms(2);
0x00C0	0x3006      	MOVLW      6
0x00C1	0x00CC      	MOVWF      R12
0x00C2	0x3030      	MOVLW      48
0x00C3	0x00CD      	MOVWF      R13
L_EDIT_FD_minutes11:
0x00C4	0x0BCD      	DECFSZ     R13, 1
0x00C5	0x28C4      	GOTO       L_EDIT_FD_minutes11
0x00C6	0x0BCC      	DECFSZ     R12, 1
0x00C7	0x28C4      	GOTO       L_EDIT_FD_minutes11
0x00C8	0x0000      	NOP
;MyProject.c,81 :: 		}
L_EDIT_FD_minutes10:
;MyProject.c,82 :: 		}
L_EDIT_FD_minutes7:
;MyProject.c,83 :: 		}
L_EDIT_FD_minutes5:
;MyProject.c,84 :: 		}
L_EDIT_FD_minutes4:
;MyProject.c,85 :: 		while(PORTB & (1<<7));
L_EDIT_FD_minutes12:
0x00C9	0x1F86      	BTFSS      PORTB, 7
0x00CA	0x28CC      	GOTO       L_EDIT_FD_minutes13
0x00CB	0x28C9      	GOTO       L_EDIT_FD_minutes12
L_EDIT_FD_minutes13:
;MyProject.c,86 :: 		}
0x00CC	0x2883      	GOTO       L_EDIT_FD_minutes1
L_EDIT_FD_minutes2:
;MyProject.c,87 :: 		while(PORTB & (1<<6));
L_EDIT_FD_minutes14:
0x00CD	0x1F06      	BTFSS      PORTB, 6
0x00CE	0x28D0      	GOTO       L_EDIT_FD_minutes15
0x00CF	0x28CD      	GOTO       L_EDIT_FD_minutes14
L_EDIT_FD_minutes15:
;MyProject.c,88 :: 		}
L_EDIT_FD_minutes0:
;MyProject.c,89 :: 		}
L_end_EDIT_FD_minutes:
0x00D0	0x0008      	RETURN
; end of _EDIT_FD_minutes
_____DoICP:
;__Lib_System.c,6 :: 		
;__Lib_System.c,9 :: 		
0x00D1	0x1283      	BCF        STATUS, 5
0x00D2	0x0818      	MOVF       ___DoICPAddr+1, 0
0x00D3	0x008A      	MOVWF      PCLATH
;__Lib_System.c,10 :: 		
0x00D4	0x0817      	MOVF       ___DoICPAddr, 0
0x00D5	0x0082      	MOVWF      PCL
;__Lib_System.c,12 :: 		
L_end_____DoICP:
0x00D6	0x0008      	RETURN
; end of _____DoICP
_EDIT_SD_seconds:
;MyProject.c,169 :: 		void EDIT_SD_seconds()
;MyProject.c,171 :: 		SD_Seconds_counter=0;
0x00D7	0x1283      	BCF        STATUS, 5
0x00D8	0x0194      	CLRF       _SD_Seconds_counter
;MyProject.c,172 :: 		PORTA = (PORTA & 0xF0) | (SD_Seconds_counter);
0x00D9	0x30F0      	MOVLW      240
0x00DA	0x0585      	ANDWF      PORTA, 1
;MyProject.c,173 :: 		if(mode==1)
0x00DB	0x080F      	MOVF       _mode, 0
0x00DC	0x3A01      	XORLW      1
0x00DD	0x1D03      	BTFSS      STATUS, 2
0x00DE	0x292C      	GOTO       L_EDIT_SD_seconds48
;MyProject.c,175 :: 		while(!(PORTB & (1<<6)))
L_EDIT_SD_seconds49:
0x00DF	0x1B06      	BTFSC      PORTB, 6
0x00E0	0x2929      	GOTO       L_EDIT_SD_seconds50
;MyProject.c,177 :: 		delay_ms(100);
0x00E1	0x3002      	MOVLW      2
0x00E2	0x00CB      	MOVWF      R11
0x00E3	0x3004      	MOVLW      4
0x00E4	0x00CC      	MOVWF      R12
0x00E5	0x30BA      	MOVLW      186
0x00E6	0x00CD      	MOVWF      R13
L_EDIT_SD_seconds51:
0x00E7	0x0BCD      	DECFSZ     R13, 1
0x00E8	0x28E7      	GOTO       L_EDIT_SD_seconds51
0x00E9	0x0BCC      	DECFSZ     R12, 1
0x00EA	0x28E7      	GOTO       L_EDIT_SD_seconds51
0x00EB	0x0BCB      	DECFSZ     R11, 1
0x00EC	0x28E7      	GOTO       L_EDIT_SD_seconds51
0x00ED	0x0000      	NOP
;MyProject.c,178 :: 		if(!(PORTB & (1<<6)))
0x00EE	0x1B06      	BTFSC      PORTB, 6
0x00EF	0x2925      	GOTO       L_EDIT_SD_seconds52
;MyProject.c,180 :: 		PORTB &=~(1<<2);
0x00F0	0x1106      	BCF        PORTB, 2
;MyProject.c,181 :: 		PORTB |=(1<<1)| (1<<4) | (1<<3);
0x00F1	0x301A      	MOVLW      26
0x00F2	0x0486      	IORWF      PORTB, 1
;MyProject.c,182 :: 		if(INCREASE_IS_PRESSED(PORTB,7))
0x00F3	0x1F86      	BTFSS      PORTB, 7
0x00F4	0x2925      	GOTO       L_EDIT_SD_seconds53
;MyProject.c,184 :: 		delay_ms(100);
0x00F5	0x3002      	MOVLW      2
0x00F6	0x00CB      	MOVWF      R11
0x00F7	0x3004      	MOVLW      4
0x00F8	0x00CC      	MOVWF      R12
0x00F9	0x30BA      	MOVLW      186
0x00FA	0x00CD      	MOVWF      R13
L_EDIT_SD_seconds54:
0x00FB	0x0BCD      	DECFSZ     R13, 1
0x00FC	0x28FB      	GOTO       L_EDIT_SD_seconds54
0x00FD	0x0BCC      	DECFSZ     R12, 1
0x00FE	0x28FB      	GOTO       L_EDIT_SD_seconds54
0x00FF	0x0BCB      	DECFSZ     R11, 1
0x0100	0x28FB      	GOTO       L_EDIT_SD_seconds54
0x0101	0x0000      	NOP
;MyProject.c,185 :: 		if(INCREASE_IS_PRESSED(PORTB,7))
0x0102	0x1F86      	BTFSS      PORTB, 7
0x0103	0x2925      	GOTO       L_EDIT_SD_seconds55
;MyProject.c,187 :: 		SD_Seconds_counter++;
0x0104	0x0A94      	INCF       _SD_Seconds_counter, 1
;MyProject.c,188 :: 		if(SD_Seconds_counter==6)
0x0105	0x0814      	MOVF       _SD_Seconds_counter, 0
0x0106	0x3A06      	XORLW      6
0x0107	0x1D03      	BTFSS      STATUS, 2
0x0108	0x2916      	GOTO       L_EDIT_SD_seconds56
;MyProject.c,190 :: 		SD_Seconds_counter = 0;
0x0109	0x0194      	CLRF       _SD_Seconds_counter
;MyProject.c,191 :: 		PORTA = (PORTA & 0xF0) | (SD_Seconds_counter);
0x010A	0x30F0      	MOVLW      240
0x010B	0x0585      	ANDWF      PORTA, 1
;MyProject.c,192 :: 		delay_ms(2);
0x010C	0x3006      	MOVLW      6
0x010D	0x00CC      	MOVWF      R12
0x010E	0x3030      	MOVLW      48
0x010F	0x00CD      	MOVWF      R13
L_EDIT_SD_seconds57:
0x0110	0x0BCD      	DECFSZ     R13, 1
0x0111	0x2910      	GOTO       L_EDIT_SD_seconds57
0x0112	0x0BCC      	DECFSZ     R12, 1
0x0113	0x2910      	GOTO       L_EDIT_SD_seconds57
0x0114	0x0000      	NOP
;MyProject.c,193 :: 		}
0x0115	0x2925      	GOTO       L_EDIT_SD_seconds58
L_EDIT_SD_seconds56:
;MyProject.c,196 :: 		PORTA = (PORTA & 0xF0) | (SD_Seconds_counter);
0x0116	0x30F0      	MOVLW      240
0x0117	0x0505      	ANDWF      PORTA, 0
0x0118	0x00C0      	MOVWF      R0
0x0119	0x0814      	MOVF       _SD_Seconds_counter, 0
0x011A	0x0440      	IORWF      R0, 0
0x011B	0x0085      	MOVWF      PORTA
;MyProject.c,197 :: 		delay_ms(2);
0x011C	0x3006      	MOVLW      6
0x011D	0x00CC      	MOVWF      R12
0x011E	0x3030      	MOVLW      48
0x011F	0x00CD      	MOVWF      R13
L_EDIT_SD_seconds59:
0x0120	0x0BCD      	DECFSZ     R13, 1
0x0121	0x2920      	GOTO       L_EDIT_SD_seconds59
0x0122	0x0BCC      	DECFSZ     R12, 1
0x0123	0x2920      	GOTO       L_EDIT_SD_seconds59
0x0124	0x0000      	NOP
;MyProject.c,198 :: 		}
L_EDIT_SD_seconds58:
;MyProject.c,199 :: 		}
L_EDIT_SD_seconds55:
;MyProject.c,200 :: 		}
L_EDIT_SD_seconds53:
;MyProject.c,201 :: 		}
L_EDIT_SD_seconds52:
;MyProject.c,202 :: 		while(PORTB & (1<<7));
L_EDIT_SD_seconds60:
0x0125	0x1F86      	BTFSS      PORTB, 7
0x0126	0x2928      	GOTO       L_EDIT_SD_seconds61
0x0127	0x2925      	GOTO       L_EDIT_SD_seconds60
L_EDIT_SD_seconds61:
;MyProject.c,203 :: 		}
0x0128	0x28DF      	GOTO       L_EDIT_SD_seconds49
L_EDIT_SD_seconds50:
;MyProject.c,204 :: 		while(PORTB & (1<<6));
L_EDIT_SD_seconds62:
0x0129	0x1F06      	BTFSS      PORTB, 6
0x012A	0x292C      	GOTO       L_EDIT_SD_seconds63
0x012B	0x2929      	GOTO       L_EDIT_SD_seconds62
L_EDIT_SD_seconds63:
;MyProject.c,205 :: 		}
L_EDIT_SD_seconds48:
;MyProject.c,206 :: 		}
L_end_EDIT_SD_seconds:
0x012C	0x0008      	RETURN
; end of _EDIT_SD_seconds
_EDIT_FD_seconds:
;MyProject.c,129 :: 		void EDIT_FD_seconds()
;MyProject.c,131 :: 		FD_Seconds_counter=0;
0x012D	0x1283      	BCF        STATUS, 5
0x012E	0x018E      	CLRF       _FD_Seconds_counter
;MyProject.c,132 :: 		PORTA = (PORTA & 0xF0) | (FD_Seconds_counter);
0x012F	0x30F0      	MOVLW      240
0x0130	0x0585      	ANDWF      PORTA, 1
;MyProject.c,133 :: 		if(mode==1)
0x0131	0x080F      	MOVF       _mode, 0
0x0132	0x3A01      	XORLW      1
0x0133	0x1D03      	BTFSS      STATUS, 2
0x0134	0x2983      	GOTO       L_EDIT_FD_seconds32
;MyProject.c,135 :: 		while(!(PORTB & (1<<6)))
L_EDIT_FD_seconds33:
0x0135	0x1B06      	BTFSC      PORTB, 6
0x0136	0x2980      	GOTO       L_EDIT_FD_seconds34
;MyProject.c,137 :: 		delay_ms(100);
0x0137	0x3002      	MOVLW      2
0x0138	0x00CB      	MOVWF      R11
0x0139	0x3004      	MOVLW      4
0x013A	0x00CC      	MOVWF      R12
0x013B	0x30BA      	MOVLW      186
0x013C	0x00CD      	MOVWF      R13
L_EDIT_FD_seconds35:
0x013D	0x0BCD      	DECFSZ     R13, 1
0x013E	0x293D      	GOTO       L_EDIT_FD_seconds35
0x013F	0x0BCC      	DECFSZ     R12, 1
0x0140	0x293D      	GOTO       L_EDIT_FD_seconds35
0x0141	0x0BCB      	DECFSZ     R11, 1
0x0142	0x293D      	GOTO       L_EDIT_FD_seconds35
0x0143	0x0000      	NOP
;MyProject.c,138 :: 		if(!(PORTB & (1<<6)))
0x0144	0x1B06      	BTFSC      PORTB, 6
0x0145	0x297C      	GOTO       L_EDIT_FD_seconds36
;MyProject.c,140 :: 		PORTB &=~(1<<1);
0x0146	0x1086      	BCF        PORTB, 1
;MyProject.c,141 :: 		PORTB |=(1<<2);
0x0147	0x1506      	BSF        PORTB, 2
;MyProject.c,142 :: 		PORTB |=(1<<3);
0x0148	0x1586      	BSF        PORTB, 3
;MyProject.c,143 :: 		PORTB |=(1<<4);
0x0149	0x1606      	BSF        PORTB, 4
;MyProject.c,144 :: 		if(INCREASE_IS_PRESSED(PORTB,7))
0x014A	0x1F86      	BTFSS      PORTB, 7
0x014B	0x297C      	GOTO       L_EDIT_FD_seconds37
;MyProject.c,146 :: 		delay_ms(100);
0x014C	0x3002      	MOVLW      2
0x014D	0x00CB      	MOVWF      R11
0x014E	0x3004      	MOVLW      4
0x014F	0x00CC      	MOVWF      R12
0x0150	0x30BA      	MOVLW      186
0x0151	0x00CD      	MOVWF      R13
L_EDIT_FD_seconds38:
0x0152	0x0BCD      	DECFSZ     R13, 1
0x0153	0x2952      	GOTO       L_EDIT_FD_seconds38
0x0154	0x0BCC      	DECFSZ     R12, 1
0x0155	0x2952      	GOTO       L_EDIT_FD_seconds38
0x0156	0x0BCB      	DECFSZ     R11, 1
0x0157	0x2952      	GOTO       L_EDIT_FD_seconds38
0x0158	0x0000      	NOP
;MyProject.c,147 :: 		if(INCREASE_IS_PRESSED(PORTB,7))
0x0159	0x1F86      	BTFSS      PORTB, 7
0x015A	0x297C      	GOTO       L_EDIT_FD_seconds39
;MyProject.c,149 :: 		FD_Seconds_counter++;
0x015B	0x0A8E      	INCF       _FD_Seconds_counter, 1
;MyProject.c,150 :: 		if(FD_Seconds_counter==10)
0x015C	0x080E      	MOVF       _FD_Seconds_counter, 0
0x015D	0x3A0A      	XORLW      10
0x015E	0x1D03      	BTFSS      STATUS, 2
0x015F	0x296D      	GOTO       L_EDIT_FD_seconds40
;MyProject.c,152 :: 		FD_Seconds_counter = 0;
0x0160	0x018E      	CLRF       _FD_Seconds_counter
;MyProject.c,153 :: 		PORTA = (PORTA & 0xF0) | (FD_Seconds_counter);
0x0161	0x30F0      	MOVLW      240
0x0162	0x0585      	ANDWF      PORTA, 1
;MyProject.c,154 :: 		delay_ms(2);
0x0163	0x3006      	MOVLW      6
0x0164	0x00CC      	MOVWF      R12
0x0165	0x3030      	MOVLW      48
0x0166	0x00CD      	MOVWF      R13
L_EDIT_FD_seconds41:
0x0167	0x0BCD      	DECFSZ     R13, 1
0x0168	0x2967      	GOTO       L_EDIT_FD_seconds41
0x0169	0x0BCC      	DECFSZ     R12, 1
0x016A	0x2967      	GOTO       L_EDIT_FD_seconds41
0x016B	0x0000      	NOP
;MyProject.c,155 :: 		}
0x016C	0x297C      	GOTO       L_EDIT_FD_seconds42
L_EDIT_FD_seconds40:
;MyProject.c,158 :: 		PORTA = (PORTA & 0xF0) | (FD_Seconds_counter);
0x016D	0x30F0      	MOVLW      240
0x016E	0x0505      	ANDWF      PORTA, 0
0x016F	0x00C0      	MOVWF      R0
0x0170	0x080E      	MOVF       _FD_Seconds_counter, 0
0x0171	0x0440      	IORWF      R0, 0
0x0172	0x0085      	MOVWF      PORTA
;MyProject.c,159 :: 		delay_ms(2);
0x0173	0x3006      	MOVLW      6
0x0174	0x00CC      	MOVWF      R12
0x0175	0x3030      	MOVLW      48
0x0176	0x00CD      	MOVWF      R13
L_EDIT_FD_seconds43:
0x0177	0x0BCD      	DECFSZ     R13, 1
0x0178	0x2977      	GOTO       L_EDIT_FD_seconds43
0x0179	0x0BCC      	DECFSZ     R12, 1
0x017A	0x2977      	GOTO       L_EDIT_FD_seconds43
0x017B	0x0000      	NOP
;MyProject.c,160 :: 		}
L_EDIT_FD_seconds42:
;MyProject.c,161 :: 		}
L_EDIT_FD_seconds39:
;MyProject.c,162 :: 		}
L_EDIT_FD_seconds37:
;MyProject.c,163 :: 		}
L_EDIT_FD_seconds36:
;MyProject.c,164 :: 		while(PORTB & (1<<7));
L_EDIT_FD_seconds44:
0x017C	0x1F86      	BTFSS      PORTB, 7
0x017D	0x297F      	GOTO       L_EDIT_FD_seconds45
0x017E	0x297C      	GOTO       L_EDIT_FD_seconds44
L_EDIT_FD_seconds45:
;MyProject.c,165 :: 		}
0x017F	0x2935      	GOTO       L_EDIT_FD_seconds33
L_EDIT_FD_seconds34:
;MyProject.c,166 :: 		while(PORTB & (1<<6));
L_EDIT_FD_seconds46:
0x0180	0x1F06      	BTFSS      PORTB, 6
0x0181	0x2983      	GOTO       L_EDIT_FD_seconds47
0x0182	0x2980      	GOTO       L_EDIT_FD_seconds46
L_EDIT_FD_seconds47:
;MyProject.c,167 :: 		}
L_EDIT_FD_seconds32:
;MyProject.c,168 :: 		}
L_end_EDIT_FD_seconds:
0x0183	0x0008      	RETURN
; end of _EDIT_FD_seconds
_external:
;MyProject.c,347 :: 		void external(void)
;MyProject.c,350 :: 		INTCON |=(1<<4);
0x0184	0x160B      	BSF        INTCON, 4
;MyProject.c,352 :: 		OPTION_REG |=(1<<INTEDG);
0x0185	0x1683      	BSF        STATUS, 5
0x0186	0x1701      	BSF        OPTION_REG, 6
;MyProject.c,353 :: 		TRISB |=(1<<0);       //set the RB0 as input for external interrupt.
0x0187	0x1406      	BSF        TRISB, 0
;MyProject.c,354 :: 		TRISA &=~(1<<1);      //pin for led.
0x0188	0x1085      	BCF        TRISA, 1
;MyProject.c,355 :: 		}
L_end_external:
0x0189	0x0008      	RETURN
; end of _external
_Mul_8X8_U:
;__Lib_Math.c,103 :: 		
;__Lib_Math.c,108 :: 		
0x018A	0x1283      	BCF        STATUS, 5
;__Lib_Math.c,109 :: 		
0x018B	0x1303      	BCF        STATUS, 6
;__Lib_Math.c,110 :: 		
0x018C	0x0840      	MOVF       R0, 0
;__Lib_Math.c,111 :: 		
0x018D	0x00C1      	MOVWF      R1
;__Lib_Math.c,112 :: 		
0x018E	0x01C0      	CLRF       R0
;__Lib_Math.c,113 :: 		
0x018F	0x3008      	MOVLW      8
;__Lib_Math.c,114 :: 		
0x0190	0x00CC      	MOVWF      R12
;__Lib_Math.c,115 :: 		
0x0191	0x0841      	MOVF       R1, 0
;__Lib_Math.c,116 :: 		
0x0192	0x0CC4      	RRF        R4, 1
;__Lib_Math.c,117 :: 		
0x0193	0x1803      	BTFSC      STATUS, 0
;__Lib_Math.c,118 :: 		
0x0194	0x2999      	GOTO       $+5
;__Lib_Math.c,119 :: 		
0x0195	0x0BCC      	DECFSZ     R12, 1
;__Lib_Math.c,120 :: 		
0x0196	0x2992      	GOTO       $-4
;__Lib_Math.c,121 :: 		
0x0197	0x01C1      	CLRF       R1
;__Lib_Math.c,122 :: 		
0x0198	0x3400      	RETLW      0
;__Lib_Math.c,123 :: 		
0x0199	0x1003      	BCF        STATUS, 0
;__Lib_Math.c,124 :: 		
0x019A	0x299E      	GOTO       $+4
;__Lib_Math.c,125 :: 		
0x019B	0x0CC4      	RRF        R4, 1
;__Lib_Math.c,126 :: 		
0x019C	0x1803      	BTFSC      STATUS, 0
;__Lib_Math.c,127 :: 		
0x019D	0x07C1      	ADDWF      R1, 1
;__Lib_Math.c,128 :: 		
0x019E	0x0CC1      	RRF        R1, 1
;__Lib_Math.c,129 :: 		
0x019F	0x0CC0      	RRF        R0, 1
;__Lib_Math.c,130 :: 		
0x01A0	0x0BCC      	DECFSZ     R12, 1
;__Lib_Math.c,131 :: 		
0x01A1	0x299B      	GOTO       $-6
;__Lib_Math.c,133 :: 		
;__Lib_Math.c,134 :: 		
L_end_Mul_8X8_U:
0x01A2	0x0008      	RETURN
; end of _Mul_8X8_U
___CC2DW:
;__Lib_System.c,134 :: 		
;__Lib_System.c,137 :: 		
_CC2D_Loop1:
;__Lib_System.c,139 :: 		
0x01A3	0x20D1      	CALL       _____DoICP
0x01A4	0x118A      	BCF        PCLATH, 3
0x01A5	0x120A      	BCF        PCLATH, 4
;__Lib_System.c,141 :: 		
0x01A6	0x0080      	MOVWF      INDF
;__Lib_System.c,142 :: 		
0x01A7	0x0A84      	INCF       FSR, 1
;__Lib_System.c,143 :: 		
0x01A8	0x0A97      	INCF       ___DoICPAddr, 1
;__Lib_System.c,145 :: 		
0x01A9	0x1903      	BTFSC      STATUS, 2
;__Lib_System.c,146 :: 		
0x01AA	0x0A98      	INCF       ___DoICPAddr+1, 1
;__Lib_System.c,147 :: 		
0x01AB	0x03C0      	DECF       R0, 1
;__Lib_System.c,149 :: 		
0x01AC	0x1D03      	BTFSS      STATUS, 2
;__Lib_System.c,150 :: 		
0x01AD	0x29A3      	GOTO       _CC2D_Loop1
;__Lib_System.c,152 :: 		
L_end___CC2DW:
0x01AE	0x0008      	RETURN
; end of ___CC2DW
_EDIT_mode:
;MyProject.c,207 :: 		void EDIT_mode(void)
;MyProject.c,209 :: 		if(mode==1)
0x01AF	0x1283      	BCF        STATUS, 5
0x01B0	0x080F      	MOVF       _mode, 0
0x01B1	0x3A01      	XORLW      1
0x01B2	0x1D03      	BTFSS      STATUS, 2
0x01B3	0x29B9      	GOTO       L_EDIT_mode64
;MyProject.c,211 :: 		EDIT_FD_seconds();
0x01B4	0x212D      	CALL       _EDIT_FD_seconds
;MyProject.c,212 :: 		EDIT_SD_seconds();
0x01B5	0x20D7      	CALL       _EDIT_SD_seconds
;MyProject.c,213 :: 		EDIT_FD_minutes();
0x01B6	0x207B      	CALL       _EDIT_FD_minutes
;MyProject.c,214 :: 		EDIT_SD_minutes();
0x01B7	0x2025      	CALL       _EDIT_SD_minutes
;MyProject.c,215 :: 		mode=0;
0x01B8	0x018F      	CLRF       _mode
;MyProject.c,216 :: 		}
L_EDIT_mode64:
;MyProject.c,217 :: 		}
L_end_EDIT_mode:
0x01B9	0x0008      	RETURN
; end of _EDIT_mode
_timer0_init:
;MyProject.c,356 :: 		void timer0_init()
;MyProject.c,359 :: 		OPTION_REG &=~(1<<T0CS) & (~(1<<PSA));
0x01BA	0x30D7      	MOVLW      215
0x01BB	0x1683      	BSF        STATUS, 5
0x01BC	0x0581      	ANDWF      OPTION_REG, 1
;MyProject.c,361 :: 		INTCON |=(1<<T0IE);
0x01BD	0x168B      	BSF        INTCON, 5
;MyProject.c,362 :: 		OPTION_REG |=(1<<0)|(1<<1)|(1<<2);
0x01BE	0x3007      	MOVLW      7
0x01BF	0x0481      	IORWF      OPTION_REG, 1
;MyProject.c,363 :: 		}
L_end_timer0_init:
0x01C0	0x0008      	RETURN
; end of _timer0_init
_main:
0x01C1	0x1283      	BCF        STATUS, 5
0x01C2	0x018E      	CLRF       _FD_Seconds_counter
0x01C3	0x018F      	CLRF       _mode
0x01C4	0x0190      	CLRF       _MinutesCounter
0x01C5	0x0191      	CLRF       _SecondsCounter
0x01C6	0x0192      	CLRF       _Sch_timer
0x01C7	0x0193      	CLRF       _counter
0x01C8	0x0194      	CLRF       _SD_Seconds_counter
0x01C9	0x0195      	CLRF       _SD_minutes_counter
0x01CA	0x0196      	CLRF       _FD_minutes_counter
;MyProject.c,256 :: 		void main(void)
;MyProject.c,259 :: 		TRISA &=(~(1<<0)) & (~(1<<1)) & (~(1<<2)) & (~(1<<3));
0x01CB	0x30F0      	MOVLW      240
0x01CC	0x1683      	BSF        STATUS, 5
0x01CD	0x0585      	ANDWF      TRISA, 1
;MyProject.c,260 :: 		TRISA &=~(1<<4);
0x01CE	0x1205      	BCF        TRISA, 4
;MyProject.c,262 :: 		PORTA &=(~(1<<0)) & (~(1<<1)) & (~(1<<2)) & (~(1<<3));
0x01CF	0x30F0      	MOVLW      240
0x01D0	0x1283      	BCF        STATUS, 5
0x01D1	0x0585      	ANDWF      PORTA, 1
;MyProject.c,264 :: 		TRISB &=~(1<<1) & (~(1<<2)) & (~(1<<4))& (~(1<<3));
0x01D2	0x30E1      	MOVLW      225
0x01D3	0x1683      	BSF        STATUS, 5
0x01D4	0x0586      	ANDWF      TRISB, 1
;MyProject.c,265 :: 		PORTB |=(1<<0);
0x01D5	0x1283      	BCF        STATUS, 5
0x01D6	0x1406      	BSF        PORTB, 0
;MyProject.c,268 :: 		TRISB |=(1<<6) | (1<<7);
0x01D7	0x30C0      	MOVLW      192
0x01D8	0x1683      	BSF        STATUS, 5
0x01D9	0x0486      	IORWF      TRISB, 1
;MyProject.c,270 :: 		INTCON |=(1<<GIE);
0x01DA	0x178B      	BSF        INTCON, 7
;MyProject.c,271 :: 		timer0_init();
0x01DB	0x21BA      	CALL       _timer0_init
;MyProject.c,273 :: 		external();
0x01DC	0x2184      	CALL       _external
;MyProject.c,276 :: 		while(1)
L_main69:
;MyProject.c,278 :: 		if(mode==1)
0x01DD	0x080F      	MOVF       _mode, 0
0x01DE	0x3A01      	XORLW      1
0x01DF	0x1D03      	BTFSS      STATUS, 2
0x01E0	0x29E2      	GOTO       L_main71
;MyProject.c,279 :: 		EDIT_mode();
0x01E1	0x21AF      	CALL       _EDIT_mode
L_main71:
;MyProject.c,284 :: 		if(counter==30)
0x01E2	0x0813      	MOVF       _counter, 0
0x01E3	0x3A1E      	XORLW      30
0x01E4	0x1D03      	BTFSS      STATUS, 2
0x01E5	0x2A13      	GOTO       L_main72
;MyProject.c,286 :: 		FD_Seconds_counter++;
0x01E6	0x1283      	BCF        STATUS, 5
0x01E7	0x0A8E      	INCF       _FD_Seconds_counter, 1
;MyProject.c,287 :: 		PORTB ^=(1<<0);
0x01E8	0x3001      	MOVLW      1
0x01E9	0x0686      	XORWF      PORTB, 1
;MyProject.c,288 :: 		if( FD_Seconds_counter==10)
0x01EA	0x080E      	MOVF       _FD_Seconds_counter, 0
0x01EB	0x3A0A      	XORLW      10
0x01EC	0x1D03      	BTFSS      STATUS, 2
0x01ED	0x29F0      	GOTO       L_main73
;MyProject.c,291 :: 		FD_Seconds_counter = 0;
0x01EE	0x018E      	CLRF       _FD_Seconds_counter
;MyProject.c,292 :: 		SD_Seconds_counter++;
0x01EF	0x0A94      	INCF       _SD_Seconds_counter, 1
;MyProject.c,293 :: 		}
L_main73:
;MyProject.c,294 :: 		if(SD_Seconds_counter ==6)
0x01F0	0x0814      	MOVF       _SD_Seconds_counter, 0
0x01F1	0x3A06      	XORLW      6
0x01F2	0x1D03      	BTFSS      STATUS, 2
0x01F3	0x29F6      	GOTO       L_main74
;MyProject.c,296 :: 		SD_Seconds_counter = 0;
0x01F4	0x0194      	CLRF       _SD_Seconds_counter
;MyProject.c,297 :: 		FD_minutes_counter++;
0x01F5	0x0A96      	INCF       _FD_minutes_counter, 1
;MyProject.c,298 :: 		}
L_main74:
;MyProject.c,299 :: 		if(FD_minutes_counter ==10)
0x01F6	0x0816      	MOVF       _FD_minutes_counter, 0
0x01F7	0x3A0A      	XORLW      10
0x01F8	0x1D03      	BTFSS      STATUS, 2
0x01F9	0x29FC      	GOTO       L_main75
;MyProject.c,301 :: 		FD_minutes_counter = 0;
0x01FA	0x0196      	CLRF       _FD_minutes_counter
;MyProject.c,302 :: 		SD_minutes_counter++;
0x01FB	0x0A95      	INCF       _SD_minutes_counter, 1
;MyProject.c,303 :: 		}
L_main75:
;MyProject.c,304 :: 		if(SD_minutes_counter ==6)
0x01FC	0x0815      	MOVF       _SD_minutes_counter, 0
0x01FD	0x3A06      	XORLW      6
0x01FE	0x1D03      	BTFSS      STATUS, 2
0x01FF	0x2A01      	GOTO       L_main76
;MyProject.c,306 :: 		SD_minutes_counter = 0;
0x0200	0x0195      	CLRF       _SD_minutes_counter
;MyProject.c,307 :: 		}
L_main76:
;MyProject.c,308 :: 		counter=0;
0x0201	0x0193      	CLRF       _counter
;MyProject.c,309 :: 		MinutesCounter =((SD_Seconds_counter * 10)+ FD_Seconds_counter);
0x0202	0x0814      	MOVF       _SD_Seconds_counter, 0
0x0203	0x00C0      	MOVWF      R0
0x0204	0x300A      	MOVLW      10
0x0205	0x00C4      	MOVWF      R4
0x0206	0x218A      	CALL       _Mul_8X8_U
0x0207	0x080E      	MOVF       _FD_Seconds_counter, 0
0x0208	0x0740      	ADDWF      R0, 0
0x0209	0x0090      	MOVWF      _MinutesCounter
;MyProject.c,310 :: 		SecondsCounter =((SD_minutes_counter* 10)+ FD_minutes_counter);
0x020A	0x0815      	MOVF       _SD_minutes_counter, 0
0x020B	0x00C0      	MOVWF      R0
0x020C	0x300A      	MOVLW      10
0x020D	0x00C4      	MOVWF      R4
0x020E	0x218A      	CALL       _Mul_8X8_U
0x020F	0x0816      	MOVF       _FD_minutes_counter, 0
0x0210	0x0740      	ADDWF      R0, 0
0x0211	0x0091      	MOVWF      _SecondsCounter
;MyProject.c,311 :: 		}
0x0212	0x2A60      	GOTO       L_main77
L_main72:
0x0213	0x1283      	BCF        STATUS, 5
;MyProject.c,317 :: 		PORTB |=(1<<2);
0x0214	0x1506      	BSF        PORTB, 2
;MyProject.c,318 :: 		PORTB |=(1<<3);
0x0215	0x1586      	BSF        PORTB, 3
;MyProject.c,319 :: 		PORTB |=(1<<4);
0x0216	0x1606      	BSF        PORTB, 4
;MyProject.c,320 :: 		PORTB &=~(1<<1);
0x0217	0x1086      	BCF        PORTB, 1
;MyProject.c,321 :: 		PORTA = (PORTA & 0xF0) | (FD_Seconds_counter);
0x0218	0x30F0      	MOVLW      240
0x0219	0x0505      	ANDWF      PORTA, 0
0x021A	0x00C0      	MOVWF      R0
0x021B	0x080E      	MOVF       _FD_Seconds_counter, 0
0x021C	0x0440      	IORWF      R0, 0
0x021D	0x0085      	MOVWF      PORTA
;MyProject.c,322 :: 		delay_ms(2);
0x021E	0x3006      	MOVLW      6
0x021F	0x00CC      	MOVWF      R12
0x0220	0x3030      	MOVLW      48
0x0221	0x00CD      	MOVWF      R13
L_main78:
0x0222	0x0BCD      	DECFSZ     R13, 1
0x0223	0x2A22      	GOTO       L_main78
0x0224	0x0BCC      	DECFSZ     R12, 1
0x0225	0x2A22      	GOTO       L_main78
0x0226	0x0000      	NOP
;MyProject.c,323 :: 		PORTB |=(1<<1);
0x0227	0x1486      	BSF        PORTB, 1
;MyProject.c,324 :: 		PORTB |=(1<<3);
0x0228	0x1586      	BSF        PORTB, 3
;MyProject.c,325 :: 		PORTB |=(1<<4);
0x0229	0x1606      	BSF        PORTB, 4
;MyProject.c,326 :: 		PORTB &=~(1<<2);
0x022A	0x1106      	BCF        PORTB, 2
;MyProject.c,327 :: 		PORTA = (PORTA & 0xF0) | (SD_Seconds_counter);
0x022B	0x30F0      	MOVLW      240
0x022C	0x0505      	ANDWF      PORTA, 0
0x022D	0x00C0      	MOVWF      R0
0x022E	0x0814      	MOVF       _SD_Seconds_counter, 0
0x022F	0x0440      	IORWF      R0, 0
0x0230	0x0085      	MOVWF      PORTA
;MyProject.c,328 :: 		delay_ms(2);
0x0231	0x3006      	MOVLW      6
0x0232	0x00CC      	MOVWF      R12
0x0233	0x3030      	MOVLW      48
0x0234	0x00CD      	MOVWF      R13
L_main79:
0x0235	0x0BCD      	DECFSZ     R13, 1
0x0236	0x2A35      	GOTO       L_main79
0x0237	0x0BCC      	DECFSZ     R12, 1
0x0238	0x2A35      	GOTO       L_main79
0x0239	0x0000      	NOP
;MyProject.c,331 :: 		PORTB |=(1<<1);
0x023A	0x1486      	BSF        PORTB, 1
;MyProject.c,332 :: 		PORTB |=(1<<2);
0x023B	0x1506      	BSF        PORTB, 2
;MyProject.c,333 :: 		PORTB |=(1<<4);
0x023C	0x1606      	BSF        PORTB, 4
;MyProject.c,334 :: 		PORTB &=~(1<<3);
0x023D	0x1186      	BCF        PORTB, 3
;MyProject.c,335 :: 		PORTA = (PORTA & 0xF0) | (FD_minutes_counter);
0x023E	0x30F0      	MOVLW      240
0x023F	0x0505      	ANDWF      PORTA, 0
0x0240	0x00C0      	MOVWF      R0
0x0241	0x0816      	MOVF       _FD_minutes_counter, 0
0x0242	0x0440      	IORWF      R0, 0
0x0243	0x0085      	MOVWF      PORTA
;MyProject.c,336 :: 		delay_ms(2);
0x0244	0x3006      	MOVLW      6
0x0245	0x00CC      	MOVWF      R12
0x0246	0x3030      	MOVLW      48
0x0247	0x00CD      	MOVWF      R13
L_main80:
0x0248	0x0BCD      	DECFSZ     R13, 1
0x0249	0x2A48      	GOTO       L_main80
0x024A	0x0BCC      	DECFSZ     R12, 1
0x024B	0x2A48      	GOTO       L_main80
0x024C	0x0000      	NOP
;MyProject.c,337 :: 		PORTB |=(1<<1);
0x024D	0x1486      	BSF        PORTB, 1
;MyProject.c,338 :: 		PORTB |=(1<<2);
0x024E	0x1506      	BSF        PORTB, 2
;MyProject.c,339 :: 		PORTB |=(1<<3);
0x024F	0x1586      	BSF        PORTB, 3
;MyProject.c,340 :: 		PORTB &=~(1<<4);
0x0250	0x1206      	BCF        PORTB, 4
;MyProject.c,341 :: 		PORTA = (PORTA & 0xF0) | (SD_minutes_counter);
0x0251	0x30F0      	MOVLW      240
0x0252	0x0505      	ANDWF      PORTA, 0
0x0253	0x00C0      	MOVWF      R0
0x0254	0x0815      	MOVF       _SD_minutes_counter, 0
0x0255	0x0440      	IORWF      R0, 0
0x0256	0x0085      	MOVWF      PORTA
;MyProject.c,342 :: 		delay_ms(2);
0x0257	0x3006      	MOVLW      6
0x0258	0x00CC      	MOVWF      R12
0x0259	0x3030      	MOVLW      48
0x025A	0x00CD      	MOVWF      R13
L_main81:
0x025B	0x0BCD      	DECFSZ     R13, 1
0x025C	0x2A5B      	GOTO       L_main81
0x025D	0x0BCC      	DECFSZ     R12, 1
0x025E	0x2A5B      	GOTO       L_main81
0x025F	0x0000      	NOP
;MyProject.c,343 :: 		}
L_main77:
;MyProject.c,344 :: 		}
0x0260	0x29DD      	GOTO       L_main69
;MyProject.c,346 :: 		}
L_end_main:
0x0261	0x2A61      	GOTO       $+0
; end of _main
Symbol List:
//** Routines locations **
//ADDRESS    SIZE    PROCEDURE
//----------------------------------------------
0x0004      [33]    _interrupt
0x0025      [86]    _EDIT_SD_minutes
0x007B      [86]    _EDIT_FD_minutes
0x00D1       [6]    _____DoICP
0x00D7      [86]    _EDIT_SD_seconds
0x012D      [87]    _EDIT_FD_seconds
0x0184       [6]    _external
0x018A      [25]    _Mul_8X8_U
0x01A3      [12]    ___CC2DW
0x01AF      [11]    _EDIT_mode
0x01BA       [7]    _timer0_init
0x01C1     [161]    _main
//** Variables locations ** 
//ADDRESS    SIZE    VARIABLE
//----------------------------------------------
0x0000       [1]    INDF
0x0002       [1]    PCL
0x0003       [1]    STATUS
0x0004       [1]    FSR
0x0005       [1]    PORTA
0x0006       [1]    PORTB
0x000A       [1]    PCLATH
0x000B       [1]    INTCON
0x000E       [1]    _FD_Seconds_counter
0x000F       [1]    _mode
0x0010       [1]    _MinutesCounter
0x0011       [1]    _SecondsCounter
0x0012       [1]    _Sch_timer
0x0013       [1]    _counter
0x0014       [1]    _SD_Seconds_counter
0x0015       [1]    _SD_minutes_counter
0x0016       [1]    _FD_minutes_counter
0x0017       [2]    ___DoICPAddr
0x0019       [1]    ___saveSTATUS
0x001A       [1]    ___savePCLATH
0x0040       [1]    R0
0x0041       [1]    R1
0x0042       [1]    R2
0x0043       [1]    R3
0x0044       [1]    R4
0x0045       [1]    R5
0x0046       [1]    R6
0x0047       [1]    R7
0x0048       [1]    R8
0x0049       [1]    R9
0x004A       [1]    R10
0x004B       [1]    R11
0x004C       [1]    R12
0x004D       [1]    R13
0x004E       [1]    R14
0x004F       [1]    R15
0x0081       [1]    OPTION_REG
0x0085       [1]    TRISA
0x0086       [1]    TRISB
